<?xml version="1.0" encoding="UTF-8"?>
<!-- Generated by org.testng.reporters.JUnitReportReporter -->
<testsuite hostname="DESKTOP-VAUPC5M" failures="0" tests="9" name="estyWebSiteTesting.FilteringAndBrowsing" time="27.199" errors="1" timestamp="2021-11-16T18:54:50 CET" skipped="8">
  <testcase classname="estyWebSiteTesting.FilteringAndBrowsing" name="setUrlAndSignIn" time="27.198">
    <error message="chrome not reachable
  (Session info: chrome=95.0.4638.69)
Build info: version: &#039;3.141.59&#039;, revision: &#039;e82be7d358&#039;, time: &#039;2018-11-14T08:17:03&#039;
System info: host: &#039;DESKTOP-VAUPC5M&#039;, ip: &#039;26.103.208.117&#039;, os.name: &#039;Windows 10&#039;, os.arch: &#039;amd64&#039;, os.version: &#039;10.0&#039;, java.version: &#039;16.0.2&#039;
Driver info: org.openqa.selenium.chrome.ChromeDriver
Capabilities {acceptInsecureCerts: false, browserName: chrome, browserVersion: 95.0.4638.69, chrome: {chromedriverVersion: 95.0.4638.17 (a9d0719444d4b..., userDataDir: C:\Users\Korisnik\AppData\L...}, goog:chromeOptions: {debuggerAddress: localhost:64723}, javascriptEnabled: true, networkConnectionEnabled: false, pageLoadStrategy: normal, platform: WINDOWS, platformName: WINDOWS, proxy: Proxy(), setWindowRect: true, strictFileInteractability: false, timeouts: {implicit: 0, pageLoad: 300000, script: 30000}, unhandledPromptBehavior: dismiss and notify, webauthn:extension:credBlob: true, webauthn:extension:largeBlob: true, webauthn:virtualAuthenticators: true}
Session ID: 84045e2cfb6a5c05a5339bf48e7e4664
*** Element info: {Using=css selector, value=button.wt-mr-xs-1}" type="org.openqa.selenium.WebDriverException">
      <![CDATA[org.openqa.selenium.WebDriverException: chrome not reachable
  (Session info: chrome=95.0.4638.69)
Build info: version: '3.141.59', revision: 'e82be7d358', time: '2018-11-14T08:17:03'
System info: host: 'DESKTOP-VAUPC5M', ip: '26.103.208.117', os.name: 'Windows 10', os.arch: 'amd64', os.version: '10.0', java.version: '16.0.2'
Driver info: org.openqa.selenium.chrome.ChromeDriver
Capabilities {acceptInsecureCerts: false, browserName: chrome, browserVersion: 95.0.4638.69, chrome: {chromedriverVersion: 95.0.4638.17 (a9d0719444d4b..., userDataDir: C:\Users\Korisnik\AppData\L...}, goog:chromeOptions: {debuggerAddress: localhost:64723}, javascriptEnabled: true, networkConnectionEnabled: false, pageLoadStrategy: normal, platform: WINDOWS, platformName: WINDOWS, proxy: Proxy(), setWindowRect: true, strictFileInteractability: false, timeouts: {implicit: 0, pageLoad: 300000, script: 30000}, unhandledPromptBehavior: dismiss and notify, webauthn:extension:credBlob: true, webauthn:extension:largeBlob: true, webauthn:virtualAuthenticators: true}
Session ID: 84045e2cfb6a5c05a5339bf48e7e4664
*** Element info: {Using=css selector, value=button.wt-mr-xs-1}
at java.base/jdk.internal.reflect.NativeConstructorAccessorImpl.newInstance0(Native Method)
at java.base/jdk.internal.reflect.NativeConstructorAccessorImpl.newInstance(NativeConstructorAccessorImpl.java:78)
at java.base/jdk.internal.reflect.DelegatingConstructorAccessorImpl.newInstance(DelegatingConstructorAccessorImpl.java:45)
at java.base/java.lang.reflect.Constructor.newInstanceWithCaller(Constructor.java:499)
at java.base/java.lang.reflect.Constructor.newInstance(Constructor.java:480)
at org.openqa.selenium.remote.http.W3CHttpResponseCodec.createException(W3CHttpResponseCodec.java:187)
at org.openqa.selenium.remote.http.W3CHttpResponseCodec.decode(W3CHttpResponseCodec.java:122)
at org.openqa.selenium.remote.http.W3CHttpResponseCodec.decode(W3CHttpResponseCodec.java:49)
at org.openqa.selenium.remote.HttpCommandExecutor.execute(HttpCommandExecutor.java:158)
at org.openqa.selenium.remote.service.DriverCommandExecutor.execute(DriverCommandExecutor.java:83)
at org.openqa.selenium.remote.RemoteWebDriver.execute(RemoteWebDriver.java:552)
at org.openqa.selenium.remote.RemoteWebDriver.findElement(RemoteWebDriver.java:323)
at org.openqa.selenium.remote.RemoteWebDriver.findElementByCssSelector(RemoteWebDriver.java:420)
at org.openqa.selenium.By$ByCssSelector.findElement(By.java:431)
at org.openqa.selenium.remote.RemoteWebDriver.findElement(RemoteWebDriver.java:315)
at org.openqa.selenium.support.ui.ExpectedConditions$6.apply(ExpectedConditions.java:182)
at org.openqa.selenium.support.ui.ExpectedConditions$6.apply(ExpectedConditions.java:179)
at org.openqa.selenium.support.ui.FluentWait.until(FluentWait.java:249)
at etsyWebSite.pages.Utils.waitForElementPresence(Utils.java:29)
at etsyWebSite.pages.SignInPage.getSignUpButton(SignInPage.java:23)
at estyWebSiteTesting.FilteringAndBrowsing.setUrlAndSignIn(FilteringAndBrowsing.java:42)
at java.base/jdk.internal.reflect.NativeMethodAccessorImpl.invoke0(Native Method)
at java.base/jdk.internal.reflect.NativeMethodAccessorImpl.invoke(NativeMethodAccessorImpl.java:78)
at java.base/jdk.internal.reflect.DelegatingMethodAccessorImpl.invoke(DelegatingMethodAccessorImpl.java:43)
at java.base/java.lang.reflect.Method.invoke(Method.java:567)
at org.testng.internal.MethodInvocationHelper.invokeMethod(MethodInvocationHelper.java:133)
at org.testng.internal.MethodInvocationHelper.invokeMethodConsideringTimeout(MethodInvocationHelper.java:62)
at org.testng.internal.ConfigInvoker.invokeConfigurationMethod(ConfigInvoker.java:385)
at org.testng.internal.ConfigInvoker.invokeConfigurations(ConfigInvoker.java:321)
at org.testng.TestRunner.invokeTestConfigurations(TestRunner.java:637)
at org.testng.TestRunner.beforeRun(TestRunner.java:627)
at org.testng.TestRunner.run(TestRunner.java:589)
at org.testng.SuiteRunner.runTest(SuiteRunner.java:377)
at org.testng.SuiteRunner.runSequentially(SuiteRunner.java:371)
at org.testng.SuiteRunner.privateRun(SuiteRunner.java:332)
at org.testng.SuiteRunner.run(SuiteRunner.java:276)
at org.testng.SuiteRunnerWorker.runSuite(SuiteRunnerWorker.java:53)
at org.testng.SuiteRunnerWorker.run(SuiteRunnerWorker.java:96)
at org.testng.TestNG.runSuitesSequentially(TestNG.java:1212)
at org.testng.TestNG.runSuitesLocally(TestNG.java:1134)
at org.testng.TestNG.runSuites(TestNG.java:1063)
at org.testng.TestNG.run(TestNG.java:1031)
at org.testng.remote.AbstractRemoteTestNG.run(AbstractRemoteTestNG.java:115)
at org.testng.remote.RemoteTestNG.initAndRun(RemoteTestNG.java:251)
at org.testng.remote.RemoteTestNG.main(RemoteTestNG.java:77)
]]>
    </error>
  </testcase> <!-- setUrlAndSignIn -->
  <system-out/>
  <testcase classname="estyWebSiteTesting.FilteringAndBrowsing" name="TC_FilteringAndBrowsing_001" time="0.000">
    <skipped/>
  </testcase> <!-- TC_FilteringAndBrowsing_001 -->
  <system-out/>
  <testcase classname="estyWebSiteTesting.FilteringAndBrowsing" name="TC_FilteringAndBrowsing_002" time="0.000">
    <skipped/>
  </testcase> <!-- TC_FilteringAndBrowsing_002 -->
  <system-out/>
  <testcase classname="estyWebSiteTesting.FilteringAndBrowsing" name="TC_FilteringAndBrowsing_003" time="0.000">
    <skipped/>
  </testcase> <!-- TC_FilteringAndBrowsing_003 -->
  <system-out/>
  <testcase classname="estyWebSiteTesting.FilteringAndBrowsing" name="TC_FilteringAndBrowsing_004" time="0.000">
    <skipped/>
  </testcase> <!-- TC_FilteringAndBrowsing_004 -->
  <system-out/>
  <testcase classname="estyWebSiteTesting.FilteringAndBrowsing" name="TC_FilteringAndBrowsing_005" time="0.000">
    <skipped/>
  </testcase> <!-- TC_FilteringAndBrowsing_005 -->
  <system-out/>
  <testcase classname="estyWebSiteTesting.FilteringAndBrowsing" name="TC_FilteringAndBrowsing_006" time="0.000">
    <skipped/>
  </testcase> <!-- TC_FilteringAndBrowsing_006 -->
  <system-out/>
  <testcase classname="estyWebSiteTesting.FilteringAndBrowsing" name="TC_FilteringAndBrowsing_007" time="0.000">
    <skipped/>
  </testcase> <!-- TC_FilteringAndBrowsing_007 -->
  <system-out/>
  <testcase classname="estyWebSiteTesting.FilteringAndBrowsing" name="TC_FilteringAndBrowsing_008" time="0.001">
    <skipped/>
  </testcase> <!-- TC_FilteringAndBrowsing_008 -->
  <system-out/>
</testsuite> <!-- estyWebSiteTesting.FilteringAndBrowsing -->
